<?xml version="1.0" encoding="UTF-8"?>
<testng-results skipped="0" failed="0" ignored="0" total="1" passed="1">
  <reporter-output>
  </reporter-output>
  <suite name="Default suite" duration-ms="51820" started-at="2020-03-18T23:12:39Z" finished-at="2020-03-18T23:13:31Z">
    <groups>
    </groups>
    <test name="Default test" duration-ms="51820" started-at="2020-03-18T23:12:39Z" finished-at="2020-03-18T23:13:31Z">
      <class name="Expedia.ExpediaBootCamp">
        <test-method status="PASS" signature="beforeClass()[pri:0, instance:Expedia.ExpediaBootCamp@464bee09]" name="beforeClass" is-config="true" duration-ms="1572" started-at="2020-03-18T23:12:39Z" finished-at="2020-03-18T23:12:41Z">
          <reporter-output>
          </reporter-output>
        </test-method> <!-- beforeClass -->
        <test-method status="PASS" signature="f()[pri:0, instance:Expedia.ExpediaBootCamp@464bee09]" name="f" duration-ms="50229" started-at="2020-03-18T23:12:41Z" finished-at="2020-03-18T23:13:31Z">
          <reporter-output>
          </reporter-output>
        </test-method> <!-- f -->
        <test-method status="PASS" signature="afterClass()[pri:0, instance:Expedia.ExpediaBootCamp@464bee09]" name="afterClass" is-config="true" duration-ms="1" started-at="2020-03-18T23:13:31Z" finished-at="2020-03-18T23:13:31Z">
          <reporter-output>
          </reporter-output>
        </test-method> <!-- afterClass -->
      </class> <!-- Expedia.ExpediaBootCamp -->
    </test> <!-- Default test -->
  </suite> <!-- Default suite -->
</testng-results>
